<?xml version="1.0" encoding="UTF-8"?>
<testng-results skipped="0" failed="0" total="1" passed="1">
  <reporter-output>
  </reporter-output>
  <suite name="Surefire suite" duration-ms="85" started-at="2018-02-17T05:46:49Z" finished-at="2018-02-17T05:46:49Z">
    <groups>
    </groups>
    <test name="Surefire test" duration-ms="85" started-at="2018-02-17T05:46:49Z" finished-at="2018-02-17T05:46:49Z">
      <class name="org.login.Dispatchtrack.AppTest">
        <test-method status="PASS" signature="testApp()[pri:0, instance:testApp(org.login.Dispatchtrack.AppTest)]" name="testApp" duration-ms="26" started-at="2018-02-17T11:16:49Z" finished-at="2018-02-17T11:16:49Z">
          <reporter-output>
          </reporter-output>
        </test-method> <!-- testApp -->
      </class> <!-- org.login.Dispatchtrack.AppTest -->
    </test> <!-- Surefire test -->
  </suite> <!-- Surefire suite -->
</testng-results>
