<?xml version="1.0" encoding="UTF-8"?>
<testng-results skipped="0" failed="0" total="1" passed="1">
  <reporter-output>
  </reporter-output>
  <suite name="Default suite" duration-ms="1766" started-at="2018-02-17T17:22:51Z" finished-at="2018-02-17T17:22:53Z">
    <groups>
    </groups>
    <test name="Default test" duration-ms="1766" started-at="2018-02-17T17:22:51Z" finished-at="2018-02-17T17:22:53Z">
      <class name="excel_data_create_update_delete.Dtd_Instances">
        <test-method status="PASS" signature="dtd_allscreens()[pri:0, instance:excel_data_create_update_delete.Dtd_Instances@36d4b5c]" name="dtd_allscreens" duration-ms="1719" started-at="2018-02-17T22:52:51Z" finished-at="2018-02-17T22:52:53Z">
          <reporter-output>
          </reporter-output>
        </test-method> <!-- dtd_allscreens -->
      </class> <!-- excel_data_create_update_delete.Dtd_Instances -->
    </test> <!-- Default test -->
  </suite> <!-- Default suite -->
</testng-results>
