<?xml version="1.0" encoding="UTF-8"?>
<!-- Generated by org.testng.reporters.JUnitReportReporter -->
<testsuite hostname="DESKTOP-D41SNQ1" name="org.login.Dispatchtrack.dtdev_login" tests="2" failures="0" timestamp="17 Feb 2018 08:09:26 GMT" time="26.215" errors="0">
  <testcase name="browser_launch" time="5.188" classname="org.login.Dispatchtrack.dtdev_login"/>
  <testcase name="DTD_Login" time="21.027" classname="org.login.Dispatchtrack.dtdev_login"/>
</testsuite> <!-- org.login.Dispatchtrack.dtdev_login -->
